CREATE_PROGRAM (0, 0)
; (0, 0)
SPAWN (0, 0)
  (0, 0)
nr (0, 0)
  (0, 0)
id (4, 0)
; (0, 0)
SPAWN (0, 0)
  (0, 0)
nr (0, 0)
  (0, 0)
id (9, 0)
; (0, 0)
SPAWN (0, 0)
  (0, 0)
nr (0, 0)
  (0, 0)
id (6, 0)
; (0, 0)
SPAWN (0, 0)
  (0, 0)
nr (0, 0)
  (0, 0)
id (1, 0)
; (0, 0)
id (4, 0)
  (0, 0)
<- (0, 0)
  (0, 0)
IN (0, 0)
( (0, 0)
const (5, 0)
) (0, 0)
; (0, 0)
id (6, 0)
  (0, 0)
<- (0, 0)
  (0, 0)
const (8, 0)
; (0, 0)
id (1, 0)
  (0, 0)
<- (0, 0)
  (0, 0)
const (8, 0)
; (0, 0)
LOOP (0, 0)
  (0, 0)
id (6, 0)
  (0, 0)
LESS_THAN (0, 0)
  (0, 0)
id (4, 0)
  (0, 0)
=> (0, 0)
@ (0, 0)
id (9, 0)
  (0, 0)
<- (0, 0)
  (0, 0)
IN (0, 0)
( (0, 0)
const (7, 0)
) (0, 0)
; (0, 0)
id (6, 0)
  (0, 0)
<- (0, 0)
  (0, 0)
id (6, 0)
  (0, 0)
+ (0, 0)
  (0, 0)
const (9, 0)
; (0, 0)
id (1, 0)
  (0, 0)
<- (0, 0)
  (0, 0)
id (1, 0)
  (0, 0)
+ (0, 0)
  (0, 0)
id (9, 0)
; (0, 0)
@ (0, 0)
OUT (0, 0)
( (0, 0)
const (9, 1)
, (0, 0)
  (0, 0)
id (1, 0)
) (0, 0)
; (0, 0)
DESTROY_PROGRAM (0, 0)
; (0, 0)
